[LOG] System::create                           : Header version = 2.02.04. Current version = 2.02.04.
[LOG] Manager::init                            : maxchannels = 256 studioflags = 00000006 flags 00000000 extradriverdata 0000000000000000.
[LOG] SystemI::init                            : Initialize version=20204 (121702), maxchannels=256, flags=0x00020000
[LOG] SystemI::setOutputInternal               : Setting output to 'FMOD WASAPI Output'
[LOG] OutputWASAPI::init                       : Mix Format (WAVEFORMATEX): wFormatTag=0xFFFE, nChannels=2, nSamplesPerSec=48000, nAvgBytesPerSec=384000, nBlockAlign=8, wBitsPerSample=32, cbSize=22.
[LOG] OutputWASAPI::init                       : Mix Format (WAVEFORMATEXTENSIBLE): wValidBitsPerSample=32, dwChannelMask=0x00000003, SubFormat=00000003-0000-0010-8000-00AA00389B71.
[LOG] OutputWASAPI::init                       : Output buffer size: 4096 samples, latency: 0.00ms, period: 10.00ms, DSP buffer: 1024 * 4
[LOG] Thread::initThread                       : Init FMOD stream thread. Affinity: 0x4000000000000003, Priority: 0xFFFF7FFB, Stack Size: 98304, Semaphore: No, Sleep Time: 10, Looping: Yes.
[LOG] Thread::initThread                       : Init FMOD mixer thread. Affinity: 0x4000000000000001, Priority: 0xFFFF7FFA, Stack Size: 81920, Semaphore: No, Sleep Time: 0, Looping: Yes.
[LOG] AsyncManager::init                       : manager 000002B49225A0B8 isAsync 0 updatePeriod 0.02
[LOG] AsyncManager::init                       : done
[LOG] PlaybackSystem::init                     : 
[LOG] Thread::initThread                       : Init FMOD Studio sample load thread. Affinity: 0x4000000000000003, Priority: 0xFFFF7FFD, Stack Size: 98304, Semaphore: No, Sleep Time: 1, Looping: No.
[LOG] PlaybackSystem::init                     : done
[LOG] Thread::initThread                       : Init FMOD Studio bank load thread. Affinity: 0x4000000000000003, Priority: 0xFFFF7FFD, Stack Size: 98304, Semaphore: No, Sleep Time: 1, Looping: No.
[LOG] Manager::init                            : done.
[LOG] Manager::readBank                        : fileversion = 141, compatVersion = 140 (oldest = 44, newest = 141)
[LOG] Manager::readBank                        : fileversion = 141, compatVersion = 140 (oldest = 44, newest = 141)
[LOG] Manager::readBank                        : fileversion = 141, compatVersion = 140 (oldest = 44, newest = 141)
[LOG] PlaybackSystem::acquireMasterBus         : Setting master channel group format to 6
[LOG] SoundI::release                          :  (000002B4BE6397F8)
[LOG] SoundI::release                          :     speed up power (000002B4941F2228)
[LOG] SoundI::release                          : Background_world (000002B57151D4A8)
[LOG] SoundI::release                          :     Background_world (000002B52B4D1428)
[LOG] SoundI::release                          :     Background_world (000002B570E60A88)
[LOG] SoundI::release                          :  (000002B4B74BF928)
[LOG] SoundI::release                          :     shotgun - Trimmed (7) (000002B5727F0708)
[LOG] SoundI::release                          :  (000002B4B74BF368)
[LOG] SoundI::release                          :     shotgun - Trimmed (5) (000002B5727F03C8)
[LOG] SoundI::release                          :  (000002B4B74BF7B8)
[LOG] SoundI::release                          :     shotgun - Trimmed (8) (000002B4940F8898)
[LOG] SoundI::release                          :  (000002B4B74BFD78)
[LOG] SoundI::release                          :     shotgun - Trimmed (6) (000002B53BB31B28)
[LOG] SoundI::release                          :  (000002B4B74BF088)
[LOG] SoundI::release                          :     newmotorloop (000002B4940F8A38)
[LOG] SoundI::release                          :  (000002B4B74BF648)
[LOG] SoundI::release                          :     low (000002B5727F08A8)
[LOG] SoundI::release                          :  (000002B4B74BFA98)
[LOG] SoundI::release                          :     371853__iamgiorgio__j1-car-horn-[AudioTrimmer.com] (000002B4940F83B8)
[LOG] SoundI::release                          :  (000002B4BE639688)
[LOG] SoundI::release                          :     217542__medartimus__car-breaking-skid-01 (1) (000002B4941F2568)
[LOG] SoundI::release                          :  (000002B4B74BFC08)
[LOG] SoundI::release                          :     sonar (000002B4940F8D78)
[LOG] SoundI::release                          :  (000002B4BE639AD8)
[LOG] SoundI::release                          :     glitching effect - Trimmed (000002B4941F28A8)
[LOG] SoundI::release                          :  (000002B4B74BF4D8)
[LOG] SoundI::release                          :     glitching effect - Trimmed (2) (000002B53C325658)
[LOG] SoundI::release                          :  (000002B570EC4B38)
[LOG] SoundI::release                          :     glitching effect - Trimmed (3) (000002B4941F2A48)
[LOG] Thread::callback                         : FMOD Studio update thread finished.
[LOG] Thread::callback                         : FMOD Studio bank load thread finished.
[LOG] Profile::disconnectAll                   : Profiler disconnecting all clients
[LOG] Thread::callback                         : FMOD Studio sample load thread finished.
[LOG] LiveUpdate::release                      : 
[LOG] LiveUpdate::reset                        : Reset connection (reason Disconnected)
[LOG] Thread::callback                         : FMOD stream thread finished.
[LOG] Thread::callback                         : FMOD mixer thread finished.
[LOG] Profile::disconnectAll                   : Profiler disconnecting all clients
[LOG] SystemI::close                           : Closed.
